nohup: 忽略输入
INFO:     Will watch for changes in these directories: ['/home/lyz-ubuntu/Project/i/AIDoctor/backend']
INFO:     Uvicorn running on http://0.0.0.0:8000 (Press CTRL+C to quit)
INFO:     Started reloader process [337755] using WatchFiles
INFO:     Started server process [337759]
INFO:     Waiting for application startup.
2026-04-17 22:07:24,810 INFO sqlalchemy.engine.Engine select pg_catalog.version()
2026-04-17 22:07:24,810 INFO sqlalchemy.engine.Engine [raw sql] ()
2026-04-17 22:07:24,812 INFO sqlalchemy.engine.Engine select current_schema()
2026-04-17 22:07:24,812 INFO sqlalchemy.engine.Engine [raw sql] ()
2026-04-17 22:07:24,814 INFO sqlalchemy.engine.Engine show standard_conforming_strings
2026-04-17 22:07:24,814 INFO sqlalchemy.engine.Engine [raw sql] ()
2026-04-17 22:07:24,815 INFO sqlalchemy.engine.Engine BEGIN (implicit)
2026-04-17 22:07:24,818 INFO sqlalchemy.engine.Engine SELECT pg_catalog.pg_class.relname 
FROM pg_catalog.pg_class JOIN pg_catalog.pg_namespace ON pg_catalog.pg_namespace.oid = pg_catalog.pg_class.relnamespace 
WHERE pg_catalog.pg_class.relname = $1::VARCHAR AND pg_catalog.pg_class.relkind = ANY (ARRAY[$2::VARCHAR, $3::VARCHAR, $4::VARCHAR, $5::VARCHAR, $6::VARCHAR]) AND pg_catalog.pg_table_is_visible(pg_catalog.pg_class.oid) AND pg_catalog.pg_namespace.nspname != $7::VARCHAR
2026-04-17 22:07:24,818 INFO sqlalchemy.engine.Engine [generated in 0.00014s] ('users', 'r', 'p', 'f', 'v', 'm', 'pg_catalog')
2026-04-17 22:07:24,824 INFO sqlalchemy.engine.Engine SELECT pg_catalog.pg_class.relname 
FROM pg_catalog.pg_class JOIN pg_catalog.pg_namespace ON pg_catalog.pg_namespace.oid = pg_catalog.pg_class.relnamespace 
WHERE pg_catalog.pg_class.relname = $1::VARCHAR AND pg_catalog.pg_class.relkind = ANY (ARRAY[$2::VARCHAR, $3::VARCHAR, $4::VARCHAR, $5::VARCHAR, $6::VARCHAR]) AND pg_catalog.pg_table_is_visible(pg_catalog.pg_class.oid) AND pg_catalog.pg_namespace.nspname != $7::VARCHAR
2026-04-17 22:07:24,824 INFO sqlalchemy.engine.Engine [cached since 0.006602s ago] ('members', 'r', 'p', 'f', 'v', 'm', 'pg_catalog')
2026-04-17 22:07:24,825 INFO sqlalchemy.engine.Engine SELECT pg_catalog.pg_class.relname 
FROM pg_catalog.pg_class JOIN pg_catalog.pg_namespace ON pg_catalog.pg_namespace.oid = pg_catalog.pg_class.relnamespace 
WHERE pg_catalog.pg_class.relname = $1::VARCHAR AND pg_catalog.pg_class.relkind = ANY (ARRAY[$2::VARCHAR, $3::VARCHAR, $4::VARCHAR, $5::VARCHAR, $6::VARCHAR]) AND pg_catalog.pg_table_is_visible(pg_catalog.pg_class.oid) AND pg_catalog.pg_namespace.nspname != $7::VARCHAR
2026-04-17 22:07:24,825 INFO sqlalchemy.engine.Engine [cached since 0.007383s ago] ('chat_sessions', 'r', 'p', 'f', 'v', 'm', 'pg_catalog')
2026-04-17 22:07:24,825 INFO sqlalchemy.engine.Engine SELECT pg_catalog.pg_class.relname 
FROM pg_catalog.pg_class JOIN pg_catalog.pg_namespace ON pg_catalog.pg_namespace.oid = pg_catalog.pg_class.relnamespace 
WHERE pg_catalog.pg_class.relname = $1::VARCHAR AND pg_catalog.pg_class.relkind = ANY (ARRAY[$2::VARCHAR, $3::VARCHAR, $4::VARCHAR, $5::VARCHAR, $6::VARCHAR]) AND pg_catalog.pg_table_is_visible(pg_catalog.pg_class.oid) AND pg_catalog.pg_namespace.nspname != $7::VARCHAR
2026-04-17 22:07:24,826 INFO sqlalchemy.engine.Engine [cached since 0.008059s ago] ('chat_messages', 'r', 'p', 'f', 'v', 'm', 'pg_catalog')
2026-04-17 22:07:24,826 INFO sqlalchemy.engine.Engine SELECT pg_catalog.pg_class.relname 
FROM pg_catalog.pg_class JOIN pg_catalog.pg_namespace ON pg_catalog.pg_namespace.oid = pg_catalog.pg_class.relnamespace 
WHERE pg_catalog.pg_class.relname = $1::VARCHAR AND pg_catalog.pg_class.relkind = ANY (ARRAY[$2::VARCHAR, $3::VARCHAR, $4::VARCHAR, $5::VARCHAR, $6::VARCHAR]) AND pg_catalog.pg_table_is_visible(pg_catalog.pg_class.oid) AND pg_catalog.pg_namespace.nspname != $7::VARCHAR
2026-04-17 22:07:24,826 INFO sqlalchemy.engine.Engine [cached since 0.008728s ago] ('reminders', 'r', 'p', 'f', 'v', 'm', 'pg_catalog')
2026-04-17 22:07:24,827 INFO sqlalchemy.engine.Engine SELECT pg_catalog.pg_class.relname 
FROM pg_catalog.pg_class JOIN pg_catalog.pg_namespace ON pg_catalog.pg_namespace.oid = pg_catalog.pg_class.relnamespace 
WHERE pg_catalog.pg_class.relname = $1::VARCHAR AND pg_catalog.pg_class.relkind = ANY (ARRAY[$2::VARCHAR, $3::VARCHAR, $4::VARCHAR, $5::VARCHAR, $6::VARCHAR]) AND pg_catalog.pg_table_is_visible(pg_catalog.pg_class.oid) AND pg_catalog.pg_namespace.nspname != $7::VARCHAR
2026-04-17 22:07:24,827 INFO sqlalchemy.engine.Engine [cached since 0.009384s ago] ('notifications', 'r', 'p', 'f', 'v', 'm', 'pg_catalog')
2026-04-17 22:07:24,828 INFO sqlalchemy.engine.Engine COMMIT
INFO:     Application startup complete.
INFO:     127.0.0.1:54348 - "GET /health HTTP/1.1" 200 OK
INFO:     127.0.0.1:54680 - "GET /health HTTP/1.1" 200 OK
WARNING:  WatchFiles detected changes in 'app/schemas/reminder.py', 'app/core/security.py'. Reloading...
INFO:     Shutting down
INFO:     Waiting for application shutdown.
INFO:     Application shutdown complete.
INFO:     Finished server process [337759]
INFO:     Started server process [342028]
INFO:     Waiting for application startup.
2026-04-17 22:11:23,226 INFO sqlalchemy.engine.Engine select pg_catalog.version()
2026-04-17 22:11:23,226 INFO sqlalchemy.engine.Engine [raw sql] ()
2026-04-17 22:11:23,228 INFO sqlalchemy.engine.Engine select current_schema()
2026-04-17 22:11:23,228 INFO sqlalchemy.engine.Engine [raw sql] ()
2026-04-17 22:11:23,229 INFO sqlalchemy.engine.Engine show standard_conforming_strings
2026-04-17 22:11:23,230 INFO sqlalchemy.engine.Engine [raw sql] ()
2026-04-17 22:11:23,231 INFO sqlalchemy.engine.Engine BEGIN (implicit)
2026-04-17 22:11:23,233 INFO sqlalchemy.engine.Engine SELECT pg_catalog.pg_class.relname 
FROM pg_catalog.pg_class JOIN pg_catalog.pg_namespace ON pg_catalog.pg_namespace.oid = pg_catalog.pg_class.relnamespace 
WHERE pg_catalog.pg_class.relname = $1::VARCHAR AND pg_catalog.pg_class.relkind = ANY (ARRAY[$2::VARCHAR, $3::VARCHAR, $4::VARCHAR, $5::VARCHAR, $6::VARCHAR]) AND pg_catalog.pg_table_is_visible(pg_catalog.pg_class.oid) AND pg_catalog.pg_namespace.nspname != $7::VARCHAR
2026-04-17 22:11:23,233 INFO sqlalchemy.engine.Engine [generated in 0.00012s] ('users', 'r', 'p', 'f', 'v', 'm', 'pg_catalog')
2026-04-17 22:11:23,238 INFO sqlalchemy.engine.Engine SELECT pg_catalog.pg_class.relname 
FROM pg_catalog.pg_class JOIN pg_catalog.pg_namespace ON pg_catalog.pg_namespace.oid = pg_catalog.pg_class.relnamespace 
WHERE pg_catalog.pg_class.relname = $1::VARCHAR AND pg_catalog.pg_class.relkind = ANY (ARRAY[$2::VARCHAR, $3::VARCHAR, $4::VARCHAR, $5::VARCHAR, $6::VARCHAR]) AND pg_catalog.pg_table_is_visible(pg_catalog.pg_class.oid) AND pg_catalog.pg_namespace.nspname != $7::VARCHAR
2026-04-17 22:11:23,238 INFO sqlalchemy.engine.Engine [cached since 0.004971s ago] ('members', 'r', 'p', 'f', 'v', 'm', 'pg_catalog')
2026-04-17 22:11:23,239 INFO sqlalchemy.engine.Engine SELECT pg_catalog.pg_class.relname 
FROM pg_catalog.pg_class JOIN pg_catalog.pg_namespace ON pg_catalog.pg_namespace.oid = pg_catalog.pg_class.relnamespace 
WHERE pg_catalog.pg_class.relname = $1::VARCHAR AND pg_catalog.pg_class.relkind = ANY (ARRAY[$2::VARCHAR, $3::VARCHAR, $4::VARCHAR, $5::VARCHAR, $6::VARCHAR]) AND pg_catalog.pg_table_is_visible(pg_catalog.pg_class.oid) AND pg_catalog.pg_namespace.nspname != $7::VARCHAR
2026-04-17 22:11:23,239 INFO sqlalchemy.engine.Engine [cached since 0.005621s ago] ('chat_sessions', 'r', 'p', 'f', 'v', 'm', 'pg_catalog')
2026-04-17 22:11:23,239 INFO sqlalchemy.engine.Engine SELECT pg_catalog.pg_class.relname 
FROM pg_catalog.pg_class JOIN pg_catalog.pg_namespace ON pg_catalog.pg_namespace.oid = pg_catalog.pg_class.relnamespace 
WHERE pg_catalog.pg_class.relname = $1::VARCHAR AND pg_catalog.pg_class.relkind = ANY (ARRAY[$2::VARCHAR, $3::VARCHAR, $4::VARCHAR, $5::VARCHAR, $6::VARCHAR]) AND pg_catalog.pg_table_is_visible(pg_catalog.pg_class.oid) AND pg_catalog.pg_namespace.nspname != $7::VARCHAR
2026-04-17 22:11:23,239 INFO sqlalchemy.engine.Engine [cached since 0.006558s ago] ('chat_messages', 'r', 'p', 'f', 'v', 'm', 'pg_catalog')
2026-04-17 22:11:23,240 INFO sqlalchemy.engine.Engine SELECT pg_catalog.pg_class.relname 
FROM pg_catalog.pg_class JOIN pg_catalog.pg_namespace ON pg_catalog.pg_namespace.oid = pg_catalog.pg_class.relnamespace 
WHERE pg_catalog.pg_class.relname = $1::VARCHAR AND pg_catalog.pg_class.relkind = ANY (ARRAY[$2::VARCHAR, $3::VARCHAR, $4::VARCHAR, $5::VARCHAR, $6::VARCHAR]) AND pg_catalog.pg_table_is_visible(pg_catalog.pg_class.oid) AND pg_catalog.pg_namespace.nspname != $7::VARCHAR
2026-04-17 22:11:23,240 INFO sqlalchemy.engine.Engine [cached since 0.007534s ago] ('reminders', 'r', 'p', 'f', 'v', 'm', 'pg_catalog')
2026-04-17 22:11:23,241 INFO sqlalchemy.engine.Engine SELECT pg_catalog.pg_class.relname 
FROM pg_catalog.pg_class JOIN pg_catalog.pg_namespace ON pg_catalog.pg_namespace.oid = pg_catalog.pg_class.relnamespace 
WHERE pg_catalog.pg_class.relname = $1::VARCHAR AND pg_catalog.pg_class.relkind = ANY (ARRAY[$2::VARCHAR, $3::VARCHAR, $4::VARCHAR, $5::VARCHAR, $6::VARCHAR]) AND pg_catalog.pg_table_is_visible(pg_catalog.pg_class.oid) AND pg_catalog.pg_namespace.nspname != $7::VARCHAR
2026-04-17 22:11:23,241 INFO sqlalchemy.engine.Engine [cached since 0.008273s ago] ('notifications', 'r', 'p', 'f', 'v', 'm', 'pg_catalog')
2026-04-17 22:11:23,242 INFO sqlalchemy.engine.Engine COMMIT
INFO:     Application startup complete.
INFO:     Shutting down
INFO:     Waiting for application shutdown.
INFO:     Application shutdown complete.
INFO:     Finished server process [342028]
INFO:     Stopping reloader process [337755]
